<?xml version="1.0" encoding="UTF-8"?>
<!-- Generated by org.testng.reporters.JUnitReportReporter -->
<testsuite hostname="HANUMAN" failures="0" tests="1" name="com.restassured.restAssured.PostRequestSample" time="2.392" errors="0" timestamp="2022-10-02T19:29:50 CDT" skipped="0">
  <testcase classname="com.restassured.restAssured.PostRequestSample" name="deleteRequest" time="2.392"/>
  <system-out/>
</testsuite> <!-- com.restassured.restAssured.PostRequestSample -->
