<?xml version="1.0" encoding="UTF-8"?>
<!-- Generated by org.testng.reporters.JUnitReportReporter -->
<testsuite hostname="HANUMAN" failures="0" tests="1" name="com.restassured.restAssured.GetRequest2" time="2.592" errors="0" timestamp="2022-10-02T18:48:57 CDT" skipped="0">
  <testcase classname="com.restassured.restAssured.GetRequest2" name="AnotherGetRequest" time="2.592"/>
  <system-out/>
</testsuite> <!-- com.restassured.restAssured.GetRequest2 -->
